<?xml version="1.0" encoding="UTF-8"?>
<!-- Generated by org.testng.reporters.JUnitReportReporter -->
<testsuite hostname="DESKTOP-PJLCLMT" failures="0" tests="1" name="ShopWorkflowTest" time="24.918" errors="0" timestamp="30 Jun 2019 07:23:00 GMT" skipped="0">
  <testcase classname="ShopWorkflowTest" name="selectClothes" time="24.918"/>
</testsuite> <!-- ShopWorkflowTest -->
